#
# There is insufficient memory for the Java Runtime Environment to continue.
# Native memory allocation (mmap) failed to map 268435456 bytes for Failed to commit area from 0x0000000701000000 to 0x0000000711000000 of length 268435456.
# Possible reasons:
#   The system is out of physical RAM or swap space
#   The process is running with CompressedOops enabled, and the Java Heap may be blocking the growth of the native heap
# Possible solutions:
#   Reduce memory load on the system
#   Increase physical memory or swap space
#   Check if swap backing store is full
#   Decrease Java heap size (-Xmx/-Xms)
#   Decrease number of Java threads
#   Decrease Java thread stack sizes (-Xss)
#   Set larger code cache with -XX:ReservedCodeCacheSize=
# This output file may be truncated or incomplete.
#
#  Out of Memory Error (./src/hotspot/os/windows/os_windows.cpp:3303), pid=4448, tid=13944
#
# JRE version:  (11.0.8+10) (build )
# Java VM: OpenJDK 64-Bit Server VM (11.0.8+10-b944.34, mixed mode, sharing, tiered, compressed oops, g1 gc, windows-amd64)
# No core dump will be written. Minidumps are not enabled by default on client versions of Windows
#

---------------  S U M M A R Y ------------

Command Line: org.jetbrains.git4idea.http.GitAskPassApp Username for 'https://github.com': 

Host: AMD Ryzen 5 1600 Six-Core Processor            , 12 cores, 15G,  Windows 10 , 64 bit Build 17763 (10.0.17763.1339)
Time: Sun Oct 25 01:54:25 2020 Russia TZ 4 Standard Time elapsed time: 0 seconds (0d 0h 0m 0s)

---------------  T H R E A D  ---------------

Current thread (0x000001fb161de800):  JavaThread "Unknown thread" [_thread_in_vm, id=13944, stack(0x0000000e76f00000,0x0000000e77000000)]

Stack: [0x0000000e76f00000,0x0000000e77000000]
Native frames: (J=compiled Java code, j=interpreted, Vv=VM code, C=native code)
V  [jvm.dll+0x5de35a]
V  [jvm.dll+0x712355]
V  [jvm.dll+0x7138ad]
V  [jvm.dll+0x713f63]
V  [jvm.dll+0x23e628]
V  [jvm.dll+0x5db804]
V  [jvm.dll+0x5d0925]
V  [jvm.dll+0x2faf9b]
V  [jvm.dll+0x2faf0a]
V  [jvm.dll+0x2fade2]
V  [jvm.dll+0x2ffcb6]
V  [jvm.dll+0x3483a3]
V  [jvm.dll+0x348aa6]
V  [jvm.dll+0x3484a3]
V  [jvm.dll+0x2d5be8]
V  [jvm.dll+0x2d6d87]
V  [jvm.dll+0x6f10e7]
V  [jvm.dll+0x6f28dc]
V  [jvm.dll+0x3558f9]
V  [jvm.dll+0x6d492e]
V  [jvm.dll+0x3bdad3]
V  [jvm.dll+0x3bfd01]
C  [jli.dll+0x5373]
C  [ucrtbase.dll+0x21ffa]
C  [KERNEL32.DLL+0x17974]
C  [ntdll.dll+0x6a271]


---------------  P R O C E S S  ---------------

Threads class SMR info:
_java_thread_list=0x000001fb13f47630, length=0, elements={
}

Java Threads: ( => current thread )

Other Threads:
  0x000001fb161fa000 GCTaskThread "GC Thread#0" [stack: 0x0000000e77000000,0x0000000e77100000] [id=4108]
  0x000001fb16257000 ConcurrentGCThread "G1 Main Marker" [stack: 0x0000000e77100000,0x0000000e77200000] [id=7440]
  0x000001fb16258800 ConcurrentGCThread "G1 Conc#0" [stack: 0x0000000e77200000,0x0000000e77300000] [id=12396]

[error occurred during error reporting (printing all threads), id 0xc0000005, EXCEPTION_ACCESS_VIOLATION (0xc0000005) at pc=0x00007ff8249660c7]

VM state:not at safepoint (not fully initialized)

VM Mutex/Monitor currently owned by a thread:  ([mutex/lock_event])
[0x000001fb161db580] Heap_lock - owner thread: 0x000001fb161de800

Heap address: 0x0000000701000000, size: 4080 MB, Compressed Oops mode: Non-zero based: 0x0000000701000000
Narrow klass base: 0x0000000000000000, Narrow klass shift: 0

GC Heap History (0 events):
No events

Deoptimization events (0 events):
No events

Classes redefined (0 events):
No events

Internal exceptions (0 events):
No events

Events (1 events):
Event: 0.004 Loaded shared library C:\Program Files\JetBrains\WebStorm 2020.2.2\jbr\bin\zip.dll


Dynamic libraries:
0x00007ff72dcf0000 - 0x00007ff72dcfa000 	C:\Program Files\JetBrains\WebStorm 2020.2.2\jbr\bin\java.exe
0x00007ff84bf30000 - 0x00007ff84c11d000 	C:\Windows\SYSTEM32\ntdll.dll
0x00007ff849ba0000 - 0x00007ff849c53000 	C:\Windows\System32\KERNEL32.DLL
0x00007ff848b20000 - 0x00007ff848db5000 	C:\Windows\System32\KERNELBASE.dll
0x00007ff848040000 - 0x00007ff84813a000 	C:\Windows\System32\ucrtbase.dll
0x00007ff83be20000 - 0x00007ff83be39000 	C:\Program Files\JetBrains\WebStorm 2020.2.2\jbr\bin\jli.dll
0x00007ff83be00000 - 0x00007ff83be17000 	C:\Program Files\JetBrains\WebStorm 2020.2.2\jbr\bin\VCRUNTIME140.dll
0x00007ff8493b0000 - 0x00007ff849547000 	C:\Windows\System32\USER32.dll
0x00007ff848fa0000 - 0x00007ff848fc0000 	C:\Windows\System32\win32u.dll
0x00007ff83e3b0000 - 0x00007ff83e629000 	C:\Windows\WinSxS\amd64_microsoft.windows.common-controls_6595b64144ccf1df_6.0.17763.1339_none_de7015e4534c7114\COMCTL32.dll
0x00007ff84b500000 - 0x00007ff84b529000 	C:\Windows\System32\GDI32.dll
0x00007ff849710000 - 0x00007ff8497ae000 	C:\Windows\System32\msvcrt.dll
0x00007ff848fe0000 - 0x00007ff84917b000 	C:\Windows\System32\gdi32full.dll
0x00007ff848140000 - 0x00007ff8481e0000 	C:\Windows\System32\msvcp_win.dll
0x00007ff849870000 - 0x00007ff849b9c000 	C:\Windows\System32\combase.dll
0x00007ff84b640000 - 0x00007ff84b762000 	C:\Windows\System32\RPCRT4.dll
0x00007ff848dc0000 - 0x00007ff848e3e000 	C:\Windows\System32\bcryptPrimitives.dll
0x00007ff84b3e0000 - 0x00007ff84b40e000 	C:\Windows\System32\IMM32.DLL
0x00007ff8260b0000 - 0x00007ff82614d000 	C:\Program Files\JetBrains\WebStorm 2020.2.2\jbr\bin\msvcp140.dll
0x00007ff824680000 - 0x00007ff82513d000 	C:\Program Files\JetBrains\WebStorm 2020.2.2\jbr\bin\server\jvm.dll
0x00007ff84b430000 - 0x00007ff84b4d3000 	C:\Windows\System32\ADVAPI32.dll
0x00007ff849e40000 - 0x00007ff849ede000 	C:\Windows\System32\sechost.dll
0x00007ff84b4e0000 - 0x00007ff84b4e8000 	C:\Windows\System32\PSAPI.DLL
0x00007ff83d230000 - 0x00007ff83d239000 	C:\Windows\SYSTEM32\WSOCK32.dll
0x00007ff845f80000 - 0x00007ff845fa4000 	C:\Windows\SYSTEM32\WINMM.dll
0x00007ff849c60000 - 0x00007ff849ccd000 	C:\Windows\System32\WS2_32.dll
0x00007ff843d20000 - 0x00007ff843d2a000 	C:\Windows\SYSTEM32\VERSION.dll
0x00007ff845f50000 - 0x00007ff845f7d000 	C:\Windows\SYSTEM32\WINMMBASE.dll
0x00007ff848e40000 - 0x00007ff848e8a000 	C:\Windows\System32\cfgmgr32.dll
0x00007ff847f40000 - 0x00007ff847f51000 	C:\Windows\System32\kernel.appcore.dll
0x00007ff83d210000 - 0x00007ff83d221000 	C:\Program Files\JetBrains\WebStorm 2020.2.2\jbr\bin\verify.dll
0x00007ff835db0000 - 0x00007ff835f9d000 	C:\Windows\SYSTEM32\DBGHELP.DLL
0x00007ff846110000 - 0x00007ff84613a000 	C:\Windows\SYSTEM32\dbgcore.DLL
0x00007ff83d1e0000 - 0x00007ff83d209000 	C:\Program Files\JetBrains\WebStorm 2020.2.2\jbr\bin\java.dll
0x00007ff83d1d0000 - 0x00007ff83d1db000 	C:\Program Files\JetBrains\WebStorm 2020.2.2\jbr\bin\jimage.dll
0x00007ff83d100000 - 0x00007ff83d118000 	C:\Program Files\JetBrains\WebStorm 2020.2.2\jbr\bin\zip.dll

dbghelp: loaded successfully - version: 4.0.5 - missing functions: none
symbol engine: initialized successfully - sym options: 0x614 - pdb path: .;C:\Program Files\JetBrains\WebStorm 2020.2.2\jbr\bin;C:\Windows\SYSTEM32;C:\Windows\WinSxS\amd64_microsoft.windows.common-controls_6595b64144ccf1df_6.0.17763.1339_none_de7015e4534c7114;C:\Program Files\JetBrains\WebStorm 2020.2.2\jbr\bin\server

VM Arguments:
java_command: org.jetbrains.git4idea.http.GitAskPassApp Username for 'https://github.com': 
java_class_path (initial): C:/Program Files/JetBrains/WebStorm 2020.2.2/plugins/git4idea/lib/git4idea-rt.jar;C:/Program Files/JetBrains/WebStorm 2020.2.2/lib/xmlrpc-2.0.1.jar;C:/Program Files/JetBrains/WebStorm 2020.2.2/lib/commons-codec-1.14.jar
Launcher Type: SUN_STANDARD

[Global flags]
     intx CICompilerCount                          = 4                                         {product} {ergonomic}
     uint ConcGCThreads                            = 3                                         {product} {ergonomic}
     uint G1ConcRefinementThreads                  = 10                                        {product} {ergonomic}
   size_t G1HeapRegionSize                         = 1048576                                   {product} {ergonomic}
    uintx GCDrainStackTargetSize                   = 64                                        {product} {ergonomic}
   size_t InitialHeapSize                          = 268435456                                 {product} {ergonomic}
   size_t MarkStackSize                            = 4194304                                   {product} {ergonomic}
   size_t MaxHeapSize                              = 4278190080                                {product} {ergonomic}
   size_t MinHeapDeltaBytes                        = 1048576                                   {product} {ergonomic}
    uintx NonNMethodCodeHeapSize                   = 5836300                                {pd product} {ergonomic}
    uintx NonProfiledCodeHeapSize                  = 122910970                              {pd product} {ergonomic}
    uintx ProfiledCodeHeapSize                     = 122910970                              {pd product} {ergonomic}
    uintx ReservedCodeCacheSize                    = 251658240                              {pd product} {ergonomic}
     bool SegmentedCodeCache                       = true                                      {product} {ergonomic}
     bool UseCompressedClassPointers               = true                                 {lp64_product} {ergonomic}
     bool UseCompressedOops                        = true                                 {lp64_product} {ergonomic}
     bool UseG1GC                                  = true                                      {product} {ergonomic}
     bool UseLargePagesIndividualAllocation        = false                                  {pd product} {ergonomic}

Logging:
Log output configuration:
 #0: stdout all=warning uptime,level,tags
 #1: stderr all=off uptime,level,tags

Environment Variables:
PATH=C:\Program Files\Git\mingw64\libexec\git-core;C:\Program Files\Git\mingw64\libexec\git-core;C:\Program Files\Git\mingw64\bin;C:\Program Files\Git\usr\bin;C:\Users\Pavel\bin;C:\Program Files (x86)\Common Files\Intel\Shared Libraries\redist\intel64\compiler;C:\Windows\system32;C:\Windows;C:\Windows\System32\Wbem;C:\Windows\System32\WindowsPowerShell\v1.0;C:\Program Files\Git\cmd;C:\Program Files\nodejs;C:\Users\Pavel\AppData\Local\Microsoft\WindowsApps;C:\Program Files\JetBrains\WebStorm 2020.2.2\bin;C:\Users\Pavel\AppData\Roaming\npm;C:\Program Files\JetBrains\PhpStorm 2020.2.2\bin
USERNAME=Pavel
DISPLAY=:0.0
LC_ALL=en_US.UTF-8
OS=Windows_NT
PROCESSOR_IDENTIFIER=AMD64 Family 23 Model 1 Stepping 1, AuthenticAMD



---------------  S Y S T E M  ---------------

OS: Windows 10 , 64 bit Build 17763 (10.0.17763.1339)
OS uptime: 0 days 13:54 hours

CPU:total 12 (initial active 12) (12 cores per cpu, 2 threads per core) family 23 model 1 stepping 1, cmov, cx8, fxsr, mmx, sse, sse2, sse3, ssse3, sse4.1, sse4.2, popcnt, avx, avx2, aes, clmul, mmxext, 3dnowpref, lzcnt, sse4a, ht, tsc, tscinvbit, tscinv, bmi1, bmi2, adx, sha, fma

Memory: 4k page, system-wide physical 16316M (3836M free)
TotalPageFile size 18364M (AvailPageFile size 188M)
current process WorkingSet (physical memory assigned to process): 10M, peak: 10M
current process commit charge ("private bytes"): 64M, peak: 320M

vm_info: OpenJDK 64-Bit Server VM (11.0.8+10-b944.34) for windows-amd64 JRE (11.0.8+10-b944.34), built on Sep 11 2020 15:32:11 by "" with MS VC++ 14.0 (VS2015)

END.
